-------------------------------------------------------------------------------
Test set: com.example.acceptancetests.AcceptanceTestSuite
-------------------------------------------------------------------------------
Tests run: 40, Failures: 40, Errors: 0, Skipped: 0, Time elapsed: 88.873 s <<< FAILURE! - in com.example.acceptancetests.AcceptanceTestSuite
Register.Register with valid nama, valid nik, valid tanggal lahir, valid alamat,valid email, valid jenis kelamin, valid password #1  Time elapsed: 2.985 s  <<< FAILURE!
org.opentest4j.MultipleFailuresError: 
Multiple Failures (2 failures)
	org.openqa.selenium.WebDriverException: Connection refused: connect
Build info: version: '3.141.59', revision: 'e82be7d358', time: '2018-11-14T08:17:03'
System info: host: 'DESKTOP-PFETDR9', ip: '192.168.1.7', os.name: 'Windows 11', os.arch: 'amd64', os.version: '10.0', java.version: '11.0.17'
Driver info: driver.version: AndroidDriver
	java.lang.NullPointerException: <no message>

Register.Register with valid nama, valid nik, valid tanggal lahir, valid alamat,valid email, valid jenis kelamin, valid password #2  Time elapsed: 2.119 s  <<< FAILURE!
org.opentest4j.MultipleFailuresError: 
Multiple Failures (2 failures)
	org.openqa.selenium.WebDriverException: Connection refused: connect
Build info: version: '3.141.59', revision: 'e82be7d358', time: '2018-11-14T08:17:03'
System info: host: 'DESKTOP-PFETDR9', ip: '192.168.1.7', os.name: 'Windows 11', os.arch: 'amd64', os.version: '10.0', java.version: '11.0.17'
Driver info: driver.version: AndroidDriver
	java.lang.NullPointerException: <no message>

Register.Register with valid nama, valid nik, valid tanggal lahir, valid alamat,valid email, valid jenis kelamin, valid password #3  Time elapsed: 2.132 s  <<< FAILURE!
org.opentest4j.MultipleFailuresError: 
Multiple Failures (2 failures)
	org.openqa.selenium.WebDriverException: Connection refused: connect
Build info: version: '3.141.59', revision: 'e82be7d358', time: '2018-11-14T08:17:03'
System info: host: 'DESKTOP-PFETDR9', ip: '192.168.1.7', os.name: 'Windows 11', os.arch: 'amd64', os.version: '10.0', java.version: '11.0.17'
Driver info: driver.version: AndroidDriver
	java.lang.NullPointerException: <no message>

Register.Register with valid nama, valid nik, valid tanggal lahir, valid alamat,valid email, valid jenis kelamin, valid password #4  Time elapsed: 2.122 s  <<< FAILURE!
org.opentest4j.MultipleFailuresError: 
Multiple Failures (2 failures)
	org.openqa.selenium.WebDriverException: Connection refused: connect
Build info: version: '3.141.59', revision: 'e82be7d358', time: '2018-11-14T08:17:03'
System info: host: 'DESKTOP-PFETDR9', ip: '192.168.1.7', os.name: 'Windows 11', os.arch: 'amd64', os.version: '10.0', java.version: '11.0.17'
Driver info: driver.version: AndroidDriver
	java.lang.NullPointerException: <no message>

Register.Register with valid nama, valid nik, valid tanggal lahir, valid alamat,valid email, valid jenis kelamin, valid password #5  Time elapsed: 2.11 s  <<< FAILURE!
org.opentest4j.MultipleFailuresError: 
Multiple Failures (2 failures)
	org.openqa.selenium.WebDriverException: Connection refused: connect
Build info: version: '3.141.59', revision: 'e82be7d358', time: '2018-11-14T08:17:03'
System info: host: 'DESKTOP-PFETDR9', ip: '192.168.1.7', os.name: 'Windows 11', os.arch: 'amd64', os.version: '10.0', java.version: '11.0.17'
Driver info: driver.version: AndroidDriver
	java.lang.NullPointerException: <no message>

Register.Register with valid nama, valid nik, valid tanggal lahir, valid alamat,valid email, valid jenis kelamin, valid password #6  Time elapsed: 2.107 s  <<< FAILURE!
org.opentest4j.MultipleFailuresError: 
Multiple Failures (2 failures)
	org.openqa.selenium.WebDriverException: Connection refused: connect
Build info: version: '3.141.59', revision: 'e82be7d358', time: '2018-11-14T08:17:03'
System info: host: 'DESKTOP-PFETDR9', ip: '192.168.1.7', os.name: 'Windows 11', os.arch: 'amd64', os.version: '10.0', java.version: '11.0.17'
Driver info: driver.version: AndroidDriver
	java.lang.NullPointerException: <no message>

Register.Register with valid nama, valid nik, valid tanggal lahir, valid alamat,valid email, valid jenis kelamin, valid password #7  Time elapsed: 2.115 s  <<< FAILURE!
org.opentest4j.MultipleFailuresError: 
Multiple Failures (2 failures)
	org.openqa.selenium.WebDriverException: Connection refused: connect
Build info: version: '3.141.59', revision: 'e82be7d358', time: '2018-11-14T08:17:03'
System info: host: 'DESKTOP-PFETDR9', ip: '192.168.1.7', os.name: 'Windows 11', os.arch: 'amd64', os.version: '10.0', java.version: '11.0.17'
Driver info: driver.version: AndroidDriver
	java.lang.NullPointerException: <no message>

Register.Register with valid nama, valid nik, valid tanggal lahir, valid alamat,valid email, valid jenis kelamin, valid password #8  Time elapsed: 2.099 s  <<< FAILURE!
org.opentest4j.MultipleFailuresError: 
Multiple Failures (2 failures)
	org.openqa.selenium.WebDriverException: Connection refused: connect
Build info: version: '3.141.59', revision: 'e82be7d358', time: '2018-11-14T08:17:03'
System info: host: 'DESKTOP-PFETDR9', ip: '192.168.1.7', os.name: 'Windows 11', os.arch: 'amd64', os.version: '10.0', java.version: '11.0.17'
Driver info: driver.version: AndroidDriver
	java.lang.NullPointerException: <no message>

Register.Register with valid nama, valid nik, valid tanggal lahir, valid alamat,valid email, valid jenis kelamin, valid password #9  Time elapsed: 2.11 s  <<< FAILURE!
org.opentest4j.MultipleFailuresError: 
Multiple Failures (2 failures)
	org.openqa.selenium.WebDriverException: Connection refused: connect
Build info: version: '3.141.59', revision: 'e82be7d358', time: '2018-11-14T08:17:03'
System info: host: 'DESKTOP-PFETDR9', ip: '192.168.1.7', os.name: 'Windows 11', os.arch: 'amd64', os.version: '10.0', java.version: '11.0.17'
Driver info: driver.version: AndroidDriver
	java.lang.NullPointerException: <no message>

Register.Register with valid nama, valid nik, valid tanggal lahir, valid alamat,valid email, valid jenis kelamin, valid password #10  Time elapsed: 2.118 s  <<< FAILURE!
org.opentest4j.MultipleFailuresError: 
Multiple Failures (2 failures)
	org.openqa.selenium.WebDriverException: Connection refused: connect
Build info: version: '3.141.59', revision: 'e82be7d358', time: '2018-11-14T08:17:03'
System info: host: 'DESKTOP-PFETDR9', ip: '192.168.1.7', os.name: 'Windows 11', os.arch: 'amd64', os.version: '10.0', java.version: '11.0.17'
Driver info: driver.version: AndroidDriver
	java.lang.NullPointerException: <no message>

Register.Register with valid nama, valid nik, valid tanggal lahir, valid alamat,valid email, valid jenis kelamin, valid password #11  Time elapsed: 2.116 s  <<< FAILURE!
org.opentest4j.MultipleFailuresError: 
Multiple Failures (2 failures)
	org.openqa.selenium.WebDriverException: Connection refused: connect
Build info: version: '3.141.59', revision: 'e82be7d358', time: '2018-11-14T08:17:03'
System info: host: 'DESKTOP-PFETDR9', ip: '192.168.1.7', os.name: 'Windows 11', os.arch: 'amd64', os.version: '10.0', java.version: '11.0.17'
Driver info: driver.version: AndroidDriver
	java.lang.NullPointerException: <no message>

Register.Register with valid nama, valid nik, valid tanggal lahir, valid alamat,valid email, valid jenis kelamin, valid password #12  Time elapsed: 2.101 s  <<< FAILURE!
org.opentest4j.MultipleFailuresError: 
Multiple Failures (2 failures)
	org.openqa.selenium.WebDriverException: Connection refused: connect
Build info: version: '3.141.59', revision: 'e82be7d358', time: '2018-11-14T08:17:03'
System info: host: 'DESKTOP-PFETDR9', ip: '192.168.1.7', os.name: 'Windows 11', os.arch: 'amd64', os.version: '10.0', java.version: '11.0.17'
Driver info: driver.version: AndroidDriver
	java.lang.NullPointerException: <no message>

Register.Register with valid nama, valid nik, valid tanggal lahir, valid alamat,valid email, valid jenis kelamin, valid password #13  Time elapsed: 2.109 s  <<< FAILURE!
org.opentest4j.MultipleFailuresError: 
Multiple Failures (2 failures)
	org.openqa.selenium.WebDriverException: Connection refused: connect
Build info: version: '3.141.59', revision: 'e82be7d358', time: '2018-11-14T08:17:03'
System info: host: 'DESKTOP-PFETDR9', ip: '192.168.1.7', os.name: 'Windows 11', os.arch: 'amd64', os.version: '10.0', java.version: '11.0.17'
Driver info: driver.version: AndroidDriver
	java.lang.NullPointerException: <no message>

Register.Register with valid nama, valid nik, valid tanggal lahir, valid alamat,valid email, valid jenis kelamin, valid password #14  Time elapsed: 2.092 s  <<< FAILURE!
org.opentest4j.MultipleFailuresError: 
Multiple Failures (2 failures)
	org.openqa.selenium.WebDriverException: Connection refused: connect
Build info: version: '3.141.59', revision: 'e82be7d358', time: '2018-11-14T08:17:03'
System info: host: 'DESKTOP-PFETDR9', ip: '192.168.1.7', os.name: 'Windows 11', os.arch: 'amd64', os.version: '10.0', java.version: '11.0.17'
Driver info: driver.version: AndroidDriver
	java.lang.NullPointerException: <no message>

Register.Register with valid nama, valid nik, valid tanggal lahir, valid alamat,valid email, valid jenis kelamin, valid password #15  Time elapsed: 2.093 s  <<< FAILURE!
org.opentest4j.MultipleFailuresError: 
Multiple Failures (2 failures)
	org.openqa.selenium.WebDriverException: Connection refused: connect
Build info: version: '3.141.59', revision: 'e82be7d358', time: '2018-11-14T08:17:03'
System info: host: 'DESKTOP-PFETDR9', ip: '192.168.1.7', os.name: 'Windows 11', os.arch: 'amd64', os.version: '10.0', java.version: '11.0.17'
Driver info: driver.version: AndroidDriver
	java.lang.NullPointerException: <no message>

Register.Register with valid nama, valid nik, valid tanggal lahir, valid alamat,valid email, valid jenis kelamin, valid password #16  Time elapsed: 2.089 s  <<< FAILURE!
org.opentest4j.MultipleFailuresError: 
Multiple Failures (2 failures)
	org.openqa.selenium.WebDriverException: Connection refused: connect
Build info: version: '3.141.59', revision: 'e82be7d358', time: '2018-11-14T08:17:03'
System info: host: 'DESKTOP-PFETDR9', ip: '192.168.1.7', os.name: 'Windows 11', os.arch: 'amd64', os.version: '10.0', java.version: '11.0.17'
Driver info: driver.version: AndroidDriver
	java.lang.NullPointerException: <no message>

Register.Register with valid nama, valid nik, valid tanggal lahir, valid alamat,valid email, valid jenis kelamin, valid password #17  Time elapsed: 2.099 s  <<< FAILURE!
org.opentest4j.MultipleFailuresError: 
Multiple Failures (2 failures)
	org.openqa.selenium.WebDriverException: Connection refused: connect
Build info: version: '3.141.59', revision: 'e82be7d358', time: '2018-11-14T08:17:03'
System info: host: 'DESKTOP-PFETDR9', ip: '192.168.1.7', os.name: 'Windows 11', os.arch: 'amd64', os.version: '10.0', java.version: '11.0.17'
Driver info: driver.version: AndroidDriver
	java.lang.NullPointerException: <no message>

Register.Register with valid nama, valid nik, valid tanggal lahir, valid alamat,valid email, valid jenis kelamin, valid password #18  Time elapsed: 2.1 s  <<< FAILURE!
org.opentest4j.MultipleFailuresError: 
Multiple Failures (2 failures)
	org.openqa.selenium.WebDriverException: Connection refused: connect
Build info: version: '3.141.59', revision: 'e82be7d358', time: '2018-11-14T08:17:03'
System info: host: 'DESKTOP-PFETDR9', ip: '192.168.1.7', os.name: 'Windows 11', os.arch: 'amd64', os.version: '10.0', java.version: '11.0.17'
Driver info: driver.version: AndroidDriver
	java.lang.NullPointerException: <no message>

Register.Register with valid nama, valid nik, valid tanggal lahir, valid alamat,valid email, valid jenis kelamin, valid password #19  Time elapsed: 2.09 s  <<< FAILURE!
org.opentest4j.MultipleFailuresError: 
Multiple Failures (2 failures)
	org.openqa.selenium.WebDriverException: Connection refused: connect
Build info: version: '3.141.59', revision: 'e82be7d358', time: '2018-11-14T08:17:03'
System info: host: 'DESKTOP-PFETDR9', ip: '192.168.1.7', os.name: 'Windows 11', os.arch: 'amd64', os.version: '10.0', java.version: '11.0.17'
Driver info: driver.version: AndroidDriver
	java.lang.NullPointerException: <no message>

Register.Register with valid nama, valid nik, valid tanggal lahir, valid alamat,valid email, valid jenis kelamin, valid password #20  Time elapsed: 2.083 s  <<< FAILURE!
org.opentest4j.MultipleFailuresError: 
Multiple Failures (2 failures)
	org.openqa.selenium.WebDriverException: Connection refused: connect
Build info: version: '3.141.59', revision: 'e82be7d358', time: '2018-11-14T08:17:03'
System info: host: 'DESKTOP-PFETDR9', ip: '192.168.1.7', os.name: 'Windows 11', os.arch: 'amd64', os.version: '10.0', java.version: '11.0.17'
Driver info: driver.version: AndroidDriver
	java.lang.NullPointerException: <no message>

Register.Register with valid nama, valid nik, valid tanggal lahir, valid alamat,valid email, valid jenis kelamin, valid password #21  Time elapsed: 2.119 s  <<< FAILURE!
org.opentest4j.MultipleFailuresError: 
Multiple Failures (2 failures)
	org.openqa.selenium.WebDriverException: Connection refused: connect
Build info: version: '3.141.59', revision: 'e82be7d358', time: '2018-11-14T08:17:03'
System info: host: 'DESKTOP-PFETDR9', ip: '192.168.1.7', os.name: 'Windows 11', os.arch: 'amd64', os.version: '10.0', java.version: '11.0.17'
Driver info: driver.version: AndroidDriver
	java.lang.NullPointerException: <no message>

Register.Register with valid nama, valid nik, valid tanggal lahir, valid alamat,valid email, valid jenis kelamin, valid password #22  Time elapsed: 2.095 s  <<< FAILURE!
org.opentest4j.MultipleFailuresError: 
Multiple Failures (2 failures)
	org.openqa.selenium.WebDriverException: Connection refused: connect
Build info: version: '3.141.59', revision: 'e82be7d358', time: '2018-11-14T08:17:03'
System info: host: 'DESKTOP-PFETDR9', ip: '192.168.1.7', os.name: 'Windows 11', os.arch: 'amd64', os.version: '10.0', java.version: '11.0.17'
Driver info: driver.version: AndroidDriver
	java.lang.NullPointerException: <no message>

Register.Register with valid nama, valid nik, valid tanggal lahir, valid alamat,valid email, valid jenis kelamin, valid password #23  Time elapsed: 2.089 s  <<< FAILURE!
org.opentest4j.MultipleFailuresError: 
Multiple Failures (2 failures)
	org.openqa.selenium.WebDriverException: Connection refused: connect
Build info: version: '3.141.59', revision: 'e82be7d358', time: '2018-11-14T08:17:03'
System info: host: 'DESKTOP-PFETDR9', ip: '192.168.1.7', os.name: 'Windows 11', os.arch: 'amd64', os.version: '10.0', java.version: '11.0.17'
Driver info: driver.version: AndroidDriver
	java.lang.NullPointerException: <no message>

Register.Register with valid nama, valid nik, valid tanggal lahir, valid alamat,valid email, valid jenis kelamin, valid password #24  Time elapsed: 2.114 s  <<< FAILURE!
org.opentest4j.MultipleFailuresError: 
Multiple Failures (2 failures)
	org.openqa.selenium.WebDriverException: Connection refused: connect
Build info: version: '3.141.59', revision: 'e82be7d358', time: '2018-11-14T08:17:03'
System info: host: 'DESKTOP-PFETDR9', ip: '192.168.1.7', os.name: 'Windows 11', os.arch: 'amd64', os.version: '10.0', java.version: '11.0.17'
Driver info: driver.version: AndroidDriver
	java.lang.NullPointerException: <no message>

Register.Register with valid nama, valid nik, valid tanggal lahir, valid alamat,valid email, valid jenis kelamin, valid password #25  Time elapsed: 2.116 s  <<< FAILURE!
org.opentest4j.MultipleFailuresError: 
Multiple Failures (2 failures)
	org.openqa.selenium.WebDriverException: Connection refused: connect
Build info: version: '3.141.59', revision: 'e82be7d358', time: '2018-11-14T08:17:03'
System info: host: 'DESKTOP-PFETDR9', ip: '192.168.1.7', os.name: 'Windows 11', os.arch: 'amd64', os.version: '10.0', java.version: '11.0.17'
Driver info: driver.version: AndroidDriver
	java.lang.NullPointerException: <no message>

Register.Register with valid nama, valid nik, valid tanggal lahir, valid alamat,valid email, valid jenis kelamin, valid password #26  Time elapsed: 2.1 s  <<< FAILURE!
org.opentest4j.MultipleFailuresError: 
Multiple Failures (2 failures)
	org.openqa.selenium.WebDriverException: Connection refused: connect
Build info: version: '3.141.59', revision: 'e82be7d358', time: '2018-11-14T08:17:03'
System info: host: 'DESKTOP-PFETDR9', ip: '192.168.1.7', os.name: 'Windows 11', os.arch: 'amd64', os.version: '10.0', java.version: '11.0.17'
Driver info: driver.version: AndroidDriver
	java.lang.NullPointerException: <no message>

Register.Register with valid nama, valid nik, valid tanggal lahir, valid alamat,valid email, valid jenis kelamin, valid password #27  Time elapsed: 2.103 s  <<< FAILURE!
org.opentest4j.MultipleFailuresError: 
Multiple Failures (2 failures)
	org.openqa.selenium.WebDriverException: Connection refused: connect
Build info: version: '3.141.59', revision: 'e82be7d358', time: '2018-11-14T08:17:03'
System info: host: 'DESKTOP-PFETDR9', ip: '192.168.1.7', os.name: 'Windows 11', os.arch: 'amd64', os.version: '10.0', java.version: '11.0.17'
Driver info: driver.version: AndroidDriver
	java.lang.NullPointerException: <no message>

Register.Register with valid nama, valid nik, valid tanggal lahir, valid alamat,valid email, valid jenis kelamin, valid password #28  Time elapsed: 2.097 s  <<< FAILURE!
org.opentest4j.MultipleFailuresError: 
Multiple Failures (2 failures)
	org.openqa.selenium.WebDriverException: Connection refused: connect
Build info: version: '3.141.59', revision: 'e82be7d358', time: '2018-11-14T08:17:03'
System info: host: 'DESKTOP-PFETDR9', ip: '192.168.1.7', os.name: 'Windows 11', os.arch: 'amd64', os.version: '10.0', java.version: '11.0.17'
Driver info: driver.version: AndroidDriver
	java.lang.NullPointerException: <no message>

Register.Register with valid nama, valid nik, valid tanggal lahir, valid alamat,valid email, valid jenis kelamin, valid password #29  Time elapsed: 2.1 s  <<< FAILURE!
org.opentest4j.MultipleFailuresError: 
Multiple Failures (2 failures)
	org.openqa.selenium.WebDriverException: Connection refused: connect
Build info: version: '3.141.59', revision: 'e82be7d358', time: '2018-11-14T08:17:03'
System info: host: 'DESKTOP-PFETDR9', ip: '192.168.1.7', os.name: 'Windows 11', os.arch: 'amd64', os.version: '10.0', java.version: '11.0.17'
Driver info: driver.version: AndroidDriver
	java.lang.NullPointerException: <no message>

Register.Register with valid nama, valid nik, valid tanggal lahir, valid alamat,valid email, valid jenis kelamin, valid password #30  Time elapsed: 2.111 s  <<< FAILURE!
org.opentest4j.MultipleFailuresError: 
Multiple Failures (2 failures)
	org.openqa.selenium.WebDriverException: Connection refused: connect
Build info: version: '3.141.59', revision: 'e82be7d358', time: '2018-11-14T08:17:03'
System info: host: 'DESKTOP-PFETDR9', ip: '192.168.1.7', os.name: 'Windows 11', os.arch: 'amd64', os.version: '10.0', java.version: '11.0.17'
Driver info: driver.version: AndroidDriver
	java.lang.NullPointerException: <no message>

Register.Register with valid nama, valid nik, valid tanggal lahir, valid alamat,valid email, valid jenis kelamin, valid password #31  Time elapsed: 2.114 s  <<< FAILURE!
org.opentest4j.MultipleFailuresError: 
Multiple Failures (2 failures)
	org.openqa.selenium.WebDriverException: Connection refused: connect
Build info: version: '3.141.59', revision: 'e82be7d358', time: '2018-11-14T08:17:03'
System info: host: 'DESKTOP-PFETDR9', ip: '192.168.1.7', os.name: 'Windows 11', os.arch: 'amd64', os.version: '10.0', java.version: '11.0.17'
Driver info: driver.version: AndroidDriver
	java.lang.NullPointerException: <no message>

Register.Register with valid nama, valid nik, valid tanggal lahir, valid alamat,valid email, valid jenis kelamin, valid password #32  Time elapsed: 2.103 s  <<< FAILURE!
org.opentest4j.MultipleFailuresError: 
Multiple Failures (2 failures)
	org.openqa.selenium.WebDriverException: Connection refused: connect
Build info: version: '3.141.59', revision: 'e82be7d358', time: '2018-11-14T08:17:03'
System info: host: 'DESKTOP-PFETDR9', ip: '192.168.1.7', os.name: 'Windows 11', os.arch: 'amd64', os.version: '10.0', java.version: '11.0.17'
Driver info: driver.version: AndroidDriver
	java.lang.NullPointerException: <no message>

Register.Register with valid nama, valid nik, valid tanggal lahir, valid alamat,valid email, valid jenis kelamin, valid password #33  Time elapsed: 2.114 s  <<< FAILURE!
org.opentest4j.MultipleFailuresError: 
Multiple Failures (2 failures)
	org.openqa.selenium.WebDriverException: Connection refused: connect
Build info: version: '3.141.59', revision: 'e82be7d358', time: '2018-11-14T08:17:03'
System info: host: 'DESKTOP-PFETDR9', ip: '192.168.1.7', os.name: 'Windows 11', os.arch: 'amd64', os.version: '10.0', java.version: '11.0.17'
Driver info: driver.version: AndroidDriver
	java.lang.NullPointerException: <no message>

Register.Register with valid nama, valid nik, valid tanggal lahir, valid alamat,valid email, valid jenis kelamin, valid password #34  Time elapsed: 2.116 s  <<< FAILURE!
org.opentest4j.MultipleFailuresError: 
Multiple Failures (2 failures)
	org.openqa.selenium.WebDriverException: Connection refused: connect
Build info: version: '3.141.59', revision: 'e82be7d358', time: '2018-11-14T08:17:03'
System info: host: 'DESKTOP-PFETDR9', ip: '192.168.1.7', os.name: 'Windows 11', os.arch: 'amd64', os.version: '10.0', java.version: '11.0.17'
Driver info: driver.version: AndroidDriver
	java.lang.NullPointerException: <no message>

Register.Register with valid nama, valid nik, valid tanggal lahir, valid alamat,valid email, valid jenis kelamin, valid password #35  Time elapsed: 2.098 s  <<< FAILURE!
org.opentest4j.MultipleFailuresError: 
Multiple Failures (2 failures)
	org.openqa.selenium.WebDriverException: Connection refused: connect
Build info: version: '3.141.59', revision: 'e82be7d358', time: '2018-11-14T08:17:03'
System info: host: 'DESKTOP-PFETDR9', ip: '192.168.1.7', os.name: 'Windows 11', os.arch: 'amd64', os.version: '10.0', java.version: '11.0.17'
Driver info: driver.version: AndroidDriver
	java.lang.NullPointerException: <no message>

Register.Register with valid nama, valid nik, valid tanggal lahir, valid alamat,valid email, valid jenis kelamin, valid password #36  Time elapsed: 2.115 s  <<< FAILURE!
org.opentest4j.MultipleFailuresError: 
Multiple Failures (2 failures)
	org.openqa.selenium.WebDriverException: Connection refused: connect
Build info: version: '3.141.59', revision: 'e82be7d358', time: '2018-11-14T08:17:03'
System info: host: 'DESKTOP-PFETDR9', ip: '192.168.1.7', os.name: 'Windows 11', os.arch: 'amd64', os.version: '10.0', java.version: '11.0.17'
Driver info: driver.version: AndroidDriver
	java.lang.NullPointerException: <no message>

Register.Register with valid nama, valid nik, valid tanggal lahir, valid alamat,valid email, valid jenis kelamin, valid password #37  Time elapsed: 2.09 s  <<< FAILURE!
org.opentest4j.MultipleFailuresError: 
Multiple Failures (2 failures)
	org.openqa.selenium.WebDriverException: Connection refused: connect
Build info: version: '3.141.59', revision: 'e82be7d358', time: '2018-11-14T08:17:03'
System info: host: 'DESKTOP-PFETDR9', ip: '192.168.1.7', os.name: 'Windows 11', os.arch: 'amd64', os.version: '10.0', java.version: '11.0.17'
Driver info: driver.version: AndroidDriver
	java.lang.NullPointerException: <no message>

Register.Register with valid nama, valid nik, valid tanggal lahir, valid alamat,valid email, valid jenis kelamin, valid password #38  Time elapsed: 2.08 s  <<< FAILURE!
org.opentest4j.MultipleFailuresError: 
Multiple Failures (2 failures)
	org.openqa.selenium.WebDriverException: Connection refused: connect
Build info: version: '3.141.59', revision: 'e82be7d358', time: '2018-11-14T08:17:03'
System info: host: 'DESKTOP-PFETDR9', ip: '192.168.1.7', os.name: 'Windows 11', os.arch: 'amd64', os.version: '10.0', java.version: '11.0.17'
Driver info: driver.version: AndroidDriver
	java.lang.NullPointerException: <no message>

Register.Register with valid nama, valid nik, valid tanggal lahir, valid alamat,valid email, valid jenis kelamin, valid password #39  Time elapsed: 2.099 s  <<< FAILURE!
org.opentest4j.MultipleFailuresError: 
Multiple Failures (2 failures)
	org.openqa.selenium.WebDriverException: Connection refused: connect
Build info: version: '3.141.59', revision: 'e82be7d358', time: '2018-11-14T08:17:03'
System info: host: 'DESKTOP-PFETDR9', ip: '192.168.1.7', os.name: 'Windows 11', os.arch: 'amd64', os.version: '10.0', java.version: '11.0.17'
Driver info: driver.version: AndroidDriver
	java.lang.NullPointerException: <no message>

Register.Register with tombol daftar di login page  Time elapsed: 2.094 s  <<< FAILURE!
org.opentest4j.MultipleFailuresError: 
Multiple Failures (2 failures)
	org.openqa.selenium.WebDriverException: Connection refused: connect
Build info: version: '3.141.59', revision: 'e82be7d358', time: '2018-11-14T08:17:03'
System info: host: 'DESKTOP-PFETDR9', ip: '192.168.1.7', os.name: 'Windows 11', os.arch: 'amd64', os.version: '10.0', java.version: '11.0.17'
Driver info: driver.version: AndroidDriver
	java.lang.NullPointerException: <no message>

