<?xml version="1.0" encoding="UTF-8"?><testsuite errors="39" failures="0" name="Register" skipped="1" tests="40" time="84.86" timestamp="2022-12-13 02:47:31"><testcase name="Register with valid nama, valid nik, valid tanggal lahir, valid alamat,valid email, valid jenis kelamin, valid password"><error message="Connection refused: connect" type="java.net.ConnectException">Connection refused: connect</error><system-err>Connection refused: connect&#13;
okhttp3.internal.platform.Platform.connectSocket(Platform.java:129)&#13;
okhttp3.internal.connection.RealConnection.connectSocket(RealConnection.java:245)&#13;
okhttp3.internal.connection.RealConnection.connect(RealConnection.java:165)&#13;
okhttp3.internal.connection.StreamAllocation.findConnection(StreamAllocation.java:257)&#13;
okhttp3.internal.connection.StreamAllocation.findHealthyConnection(StreamAllocation.java:135)&#13;
okhttp3.internal.connection.StreamAllocation.newStream(StreamAllocation.java:114)&#13;
okhttp3.internal.connection.ConnectInterceptor.intercept(ConnectInterceptor.java:42)&#13;
okhttp3.internal.http.RealInterceptorChain.proceed(RealInterceptorChain.java:147)&#13;
okhttp3.internal.http.RealInterceptorChain.proceed(RealInterceptorChain.java:121)&#13;
okhttp3.internal.cache.CacheInterceptor.intercept(CacheInterceptor.java:93)&#13;
okhttp3.internal.http.RealInterceptorChain.proceed(RealInterceptorChain.java:147)&#13;
okhttp3.internal.http.RealInterceptorChain.proceed(RealInterceptorChain.java:121)&#13;
okhttp3.internal.http.BridgeInterceptor.intercept(BridgeInterceptor.java:93)&#13;
okhttp3.internal.http.RealInterceptorChain.proceed(RealInterceptorChain.java:147)&#13;
okhttp3.internal.http.RetryAndFollowUpInterceptor.intercept(RetryAndFollowUpInterceptor.java:126)&#13;
okhttp3.internal.http.RealInterceptorChain.proceed(RealInterceptorChain.java:147)&#13;
okhttp3.internal.http.RealInterceptorChain.proceed(RealInterceptorChain.java:121)&#13;
okhttp3.RealCall.getResponseWithInterceptorChain(RealCall.java:200)&#13;
okhttp3.RealCall.execute(RealCall.java:77)&#13;
io.appium.java_client.remote.AppiumCommandExecutor.lambda$1(AppiumCommandExecutor.java:162)&#13;
io.appium.java_client.remote.AppiumCommandExecutor.createSession(AppiumCommandExecutor.java:225)&#13;
io.appium.java_client.remote.AppiumCommandExecutor.execute(AppiumCommandExecutor.java:250)&#13;
io.appium.java_client.DefaultGenericMobileDriver.execute(DefaultGenericMobileDriver.java:41)&#13;
io.appium.java_client.AppiumDriver.execute(AppiumDriver.java:1)&#13;
io.appium.java_client.android.AndroidDriver.execute(AndroidDriver.java:1)&#13;
io.appium.java_client.AppiumDriver.startSession(AppiumDriver.java:363)&#13;
io.appium.java_client.DefaultGenericMobileDriver.&lt;init&gt;(DefaultGenericMobileDriver.java:37)&#13;
io.appium.java_client.AppiumDriver.&lt;init&gt;(AppiumDriver.java:89)&#13;
io.appium.java_client.AppiumDriver.&lt;init&gt;(AppiumDriver.java:99)&#13;
io.appium.java_client.android.AndroidDriver.&lt;init&gt;(AndroidDriver.java:97)&#13;
mobile.test.capstone@1.0-SNAPSHOT/com.example.app.drivers.AndroidDriverInit.initialization(AndroidDriverInit.java:21)&#13;
mobile.test.capstone@1.0-SNAPSHOT/com.example.hook.AndroidDriverHook.before(AndroidDriverHook.java:10)&#13;
io.cucumber.java.Invoker.doInvoke(Invoker.java:66)&#13;
io.cucumber.java.Invoker.invoke(Invoker.java:24)&#13;
io.cucumber.java.AbstractGlueDefinition.invokeMethod(AbstractGlueDefinition.java:47)&#13;
io.cucumber.java.JavaHookDefinition.execute(JavaHookDefinition.java:59)&#13;
io.cucumber.core.runner.CoreHookDefinition.execute(CoreHookDefinition.java:46)&#13;
io.cucumber.core.runner.HookDefinitionMatch.runStep(HookDefinitionMatch.java:21)&#13;
io.cucumber.core.runner.TestStep.executeStep(TestStep.java:92)&#13;
io.cucumber.core.runner.TestStep.run(TestStep.java:63)&#13;
io.cucumber.core.runner.TestCase.run(TestCase.java:95)&#13;
io.cucumber.core.runner.Runner.runPickle(Runner.java:71)&#13;
io.cucumber.junit.FeatureRunner.runChild(FeatureRunner.java:135)&#13;
io.cucumber.junit.FeatureRunner.runChild(FeatureRunner.java:27)&#13;
io.cucumber.junit.CucumberSerenityRunner.runChild(CucumberSerenityRunner.java:234)&#13;
io.cucumber.junit.CucumberSerenityRunner.runChild(CucumberSerenityRunner.java:57)&#13;
</system-err></testcase><testcase name="Register with tombol daftar di login page"><skipped/></testcase></testsuite>