<?xml version="1.0" encoding="UTF-8"?><testsuite errors="1" failures="0" name="Add Family members" skipped="0" tests="1" time="64.06" timestamp="2022-12-22 01:42:02"><testcase name="Add family member in profil page"><error message="An element could not be located on the page using the given search parameters.&#10;For documentation on this error, please visit: https://www.seleniumhq.org/exceptions/no_such_element.html&#10;Build info: version: '3.141.59', revision: 'e82be7d358', time: '2018-11-14T08:17:03'&#10;System info: host: 'DESKTOP-PFETDR9', ip: '192.168.1.3', os.name: 'Windows 11', os.arch: 'amd64', os.version: '10.0', java.version: '11.0.17'&#10;Driver info: io.appium.java_client.android.AndroidDriver&#10;Capabilities {app: D:\VaccineBooking-QE\mobile..., appPackage: com.example.w_vaccine, automationName: UiAutomator2, databaseEnabled: false, desired: {app: D:\VaccineBooking-QE\mobile..., automationName: UiAutomator2, platformName: android, platformVersion: 12}, deviceApiLevel: 31, deviceManufacturer: samsung, deviceModel: SM-A025F, deviceName: R9RR204PQ2H, deviceScreenDensity: 280, deviceScreenSize: 720x1600, deviceUDID: R9RR204PQ2H, javascriptEnabled: true, locationContextEnabled: false, networkConnectionEnabled: true, pixelRatio: 1.75, platform: LINUX, platformName: Android, platformVersion: 12, statBarHeight: 45, takesScreenshot: true, viewportRect: {height: 1426, left: 0, top: 45, width: 720}, warnings: {}, webStorageEnabled: false}&#10;Session ID: 3c212469-674c-42f7-a202-a5fe691466fc&#10;*** Element info: {Using=xpath, value=//android.view.View[@content-desc=&quot;Profile Tab 4 of 4&quot;]}&#10;For documentation on this error, please visit: https://www.seleniumhq.org/exceptions/no_such_element.html&#10;Build info: version: '3.141.59', revision: 'e82be7d358', time: '2018-11-14T08:17:03'&#10;System info: host: 'DESKTOP-PFETDR9', ip: '192.168.1.3', os.name: 'Windows 11', os.arch: 'amd64', os.version: '10.0', java.version: '11.0.17'&#10;Driver info: driver.version: AndroidDriver" type="org.openqa.selenium.NoSuchElementException">An element could not be located on the page using the given search parameters.
For documentation on this error, please visit: https://www.seleniumhq.org/exceptions/no_such_element.html
Build info: version: '3.141.59', revision: 'e82be7d358', time: '2018-11-14T08:17:03'
System info: host: 'DESKTOP-PFETDR9', ip: '192.168.1.3', os.name: 'Windows 11', os.arch: 'amd64', os.version: '10.0', java.version: '11.0.17'
Driver info: io.appium.java_client.android.AndroidDriver
Capabilities {app: D:\VaccineBooking-QE\mobile..., appPackage: com.example.w_vaccine, automationName: UiAutomator2, databaseEnabled: false, desired: {app: D:\VaccineBooking-QE\mobile..., automationName: UiAutomator2, platformName: android, platformVersion: 12}, deviceApiLevel: 31, deviceManufacturer: samsung, deviceModel: SM-A025F, deviceName: R9RR204PQ2H, deviceScreenDensity: 280, deviceScreenSize: 720x1600, deviceUDID: R9RR204PQ2H, javascriptEnabled: true, locationContextEnabled: false, networkConnectionEnabled: true, pixelRatio: 1.75, platform: LINUX, platformName: Android, platformVersion: 12, statBarHeight: 45, takesScreenshot: true, viewportRect: {height: 1426, left: 0, top: 45, width: 720}, warnings: {}, webStorageEnabled: false}
Session ID: 3c212469-674c-42f7-a202-a5fe691466fc
*** Element info: {Using=xpath, value=//android.view.View[@content-desc="Profile Tab 4 of 4"]}
For documentation on this error, please visit: https://www.seleniumhq.org/exceptions/no_such_element.html
Build info: version: '3.141.59', revision: 'e82be7d358', time: '2018-11-14T08:17:03'
System info: host: 'DESKTOP-PFETDR9', ip: '192.168.1.3', os.name: 'Windows 11', os.arch: 'amd64', os.version: '10.0', java.version: '11.0.17'
Driver info: driver.version: AndroidDriver</error><system-err>An element could not be located on the page using the given search parameters.
For documentation on this error, please visit: https://www.seleniumhq.org/exceptions/no_such_element.html
Build info: version: '3.141.59', revision: 'e82be7d358', time: '2018-11-14T08:17:03'
System info: host: 'DESKTOP-PFETDR9', ip: '192.168.1.3', os.name: 'Windows 11', os.arch: 'amd64', os.version: '10.0', java.version: '11.0.17'
Driver info: io.appium.java_client.android.AndroidDriver
Capabilities {app: D:\VaccineBooking-QE\mobile..., appPackage: com.example.w_vaccine, automationName: UiAutomator2, databaseEnabled: false, desired: {app: D:\VaccineBooking-QE\mobile..., automationName: UiAutomator2, platformName: android, platformVersion: 12}, deviceApiLevel: 31, deviceManufacturer: samsung, deviceModel: SM-A025F, deviceName: R9RR204PQ2H, deviceScreenDensity: 280, deviceScreenSize: 720x1600, deviceUDID: R9RR204PQ2H, javascriptEnabled: true, locationContextEnabled: false, networkConnectionEnabled: true, pixelRatio: 1.75, platform: LINUX, platformName: Android, platformVersion: 12, statBarHeight: 45, takesScreenshot: true, viewportRect: {height: 1426, left: 0, top: 45, width: 720}, warnings: {}, webStorageEnabled: false}
Session ID: 3c212469-674c-42f7-a202-a5fe691466fc
*** Element info: {Using=xpath, value=//android.view.View[@content-desc="Profile Tab 4 of 4"]}
For documentation on this error, please visit: https://www.seleniumhq.org/exceptions/no_such_element.html
Build info: version: '3.141.59', revision: 'e82be7d358', time: '2018-11-14T08:17:03'
System info: host: 'DESKTOP-PFETDR9', ip: '192.168.1.3', os.name: 'Windows 11', os.arch: 'amd64', os.version: '10.0', java.version: '11.0.17'
Driver info: driver.version: AndroidDriver&#13;
io.appium.java_client.remote.AppiumCommandExecutor.execute(AppiumCommandExecutor.java:250)&#13;
io.appium.java_client.DefaultGenericMobileDriver.execute(DefaultGenericMobileDriver.java:41)&#13;
io.appium.java_client.AppiumDriver.execute(AppiumDriver.java:1)&#13;
io.appium.java_client.android.AndroidDriver.execute(AndroidDriver.java:1)&#13;
io.appium.java_client.DefaultGenericMobileDriver.findElement(DefaultGenericMobileDriver.java:61)&#13;
io.appium.java_client.AppiumDriver.findElement(AppiumDriver.java:1)&#13;
io.appium.java_client.android.AndroidDriver.findElement(AndroidDriver.java:1)&#13;
io.appium.java_client.DefaultGenericMobileDriver.findElementByXPath(DefaultGenericMobileDriver.java:151)&#13;
io.appium.java_client.AppiumDriver.findElementByXPath(AppiumDriver.java:1)&#13;
io.appium.java_client.android.AndroidDriver.findElementByXPath(AndroidDriver.java:1)&#13;
io.appium.java_client.DefaultGenericMobileDriver.findElement(DefaultGenericMobileDriver.java:57)&#13;
io.appium.java_client.AppiumDriver.findElement(AppiumDriver.java:1)&#13;
io.appium.java_client.android.AndroidDriver.findElement(AndroidDriver.java:1)&#13;
mobile.test.capstone@1.0-SNAPSHOT/com.example.app.base.BasePageObject.find(BasePageObject.java:30)&#13;
mobile.test.capstone@1.0-SNAPSHOT/com.example.app.base.BasePageObject.click(BasePageObject.java:46)&#13;
mobile.test.capstone@1.0-SNAPSHOT/com.example.app.page.addfamilymembersPage.setTabProfile(addfamilymembersPage.java:38)&#13;
mobile.test.capstone@1.0-SNAPSHOT/com.example.steps.addfamilymembersStep.iClickProfileMenu(addfamilymembersStep.java:15)&#13;
io.cucumber.java.Invoker.doInvoke(Invoker.java:66)&#13;
io.cucumber.java.Invoker.invoke(Invoker.java:24)&#13;
io.cucumber.java.AbstractGlueDefinition.invokeMethod(AbstractGlueDefinition.java:47)&#13;
io.cucumber.java.JavaStepDefinition.execute(JavaStepDefinition.java:29)&#13;
io.cucumber.core.runner.CoreStepDefinition.execute(CoreStepDefinition.java:66)&#13;
io.cucumber.core.runner.PickleStepDefinitionMatch.runStep(PickleStepDefinitionMatch.java:63)&#13;
io.cucumber.core.runner.TestStep.executeStep(TestStep.java:92)&#13;
io.cucumber.core.runner.TestStep.run(TestStep.java:63)&#13;
io.cucumber.core.runner.PickleStepTestStep.run(PickleStepTestStep.java:49)&#13;
io.cucumber.core.runner.TestCase.run(TestCase.java:99)&#13;
io.cucumber.core.runner.Runner.runPickle(Runner.java:71)&#13;
io.cucumber.junit.FeatureRunner.runChild(FeatureRunner.java:135)&#13;
io.cucumber.junit.FeatureRunner.runChild(FeatureRunner.java:27)&#13;
io.cucumber.junit.CucumberSerenityRunner.runChild(CucumberSerenityRunner.java:234)&#13;
io.cucumber.junit.CucumberSerenityRunner.runChild(CucumberSerenityRunner.java:57)&#13;
</system-err></testcase></testsuite>